#
# A fatal error has been detected by the Java Runtime Environment:
#
#  EXCEPTION_ACCESS_VIOLATION (0xc0000005) at pc=0x6d8db46c, pid=3604, tid=3788
#
# JRE version: 6.0_30-b12
# Java VM: Java HotSpot(TM) Client VM (20.5-b03 mixed mode windows-x86 )
# Problematic frame:
# V  [jvm.dll+0x1b46c]
#
# If you would like to submit a bug report, please visit:
#   http://java.sun.com/webapps/bugreport/crash.jsp
#

---------------  T H R E A D  ---------------

Current thread (0x0426bc00):  JavaThread "Thread-9" [_thread_in_vm, id=3788, stack(0x064f0000,0x06540000)]

siginfo: ExceptionCode=0xc0000005, reading address 0x00000008

Registers:
EAX=0x00000000, EBX=0x06732dd2, ECX=0x00000008, EDX=0x000008aa
ESP=0x0653f4d8, EBP=0x0653f4d8, ESI=0x0426bc00, EDI=0x00000002
EIP=0x6d8db46c, EFLAGS=0x00010246

Top of Stack: (sp=0x0653f4d8)
0x0653f4d8:   0653f504 6d9624d5 00000000 00000002
0x0653f4e8:   0426bd28 06732dd2 0426bc00 060f807c
0x0653f4f8:   000008aa 6dae73ac 0426bc00 00000000
0x0653f508:   0654132d 0426bd28 00000000 04262f3c
0x0653f518:   00000000 20a73ad0 0653f9f0 0426bc00
0x0653f528:   20a73ad0 06732dd2 06662c98 08635b80
0x0653f538:   06660ee0 00000000 00000035 06662988
0x0653f548:   04263c7c 06730d98 00000002 04263cb8 

Instructions: (pc=0x6d8db46c)
0x6d8db44c:   5d c3 8b 55 e0 8b 45 08 89 10 5b 8b e5 5d c3 cc
0x6d8db45c:   cc cc cc cc 55 8b ec 8b 45 08 8b 0d 44 28 b3 6d
0x6d8db46c:   8b 04 01 5d c3 cc cc cc cc cc cc cc cc cc cc cc
0x6d8db47c:   cc cc cc cc 55 8b ec 8b 45 08 8b 0d 3c 28 b3 6d 


Register to memory mapping:

EAX=0x00000000 is an unknown value
EBX=0x06732dd2 is an unknown value
ECX=0x00000008 is an unknown value
EDX=0x000008aa is an unknown value
ESP=0x0653f4d8 is pointing into the stack for thread: 0x0426bc00
EBP=0x0653f4d8 is pointing into the stack for thread: 0x0426bc00
ESI=0x0426bc00 is a thread
EDI=0x00000002 is an unknown value


Stack: [0x064f0000,0x06540000],  sp=0x0653f4d8,  free space=317k
Native frames: (J=compiled Java code, j=interpreted, Vv=VM code, C=native code)
V  [jvm.dll+0x1b46c]
V  [jvm.dll+0xa24d5]

Java frames: (J=compiled Java code, j=interpreted, Vv=VM code)
j  jpcap.JpcapCaptor.getDeviceList()[Ljpcap/NetworkInterface;+0
j  com.gateway.RadioStationPC.GetRealAdress()V+0
j  com.gateway.RadioStationPC.access$000(Lcom/gateway/RadioStationPC;)V+1
j  com.gateway.RadioStationPC$GetStatusThread.run()V+23
v  ~StubRoutines::call_stub

---------------  P R O C E S S  ---------------

Java Threads: ( => current thread )
  0x0426c000 JavaThread "Thread-10" [_thread_in_native, id=4764, stack(0x06600000,0x06650000)]
=>0x0426bc00 JavaThread "Thread-9" [_thread_in_vm, id=3788, stack(0x064f0000,0x06540000)]
  0x0426b400 JavaThread "Image Fetcher 0" daemon [_thread_blocked, id=4844, stack(0x060a0000,0x060f0000)]
  0x0426b000 JavaThread "Thread-8" [_thread_in_native, id=3928, stack(0x06050000,0x060a0000)]
  0x0426a800 JavaThread "DestroyJavaVM" [_thread_blocked, id=5608, stack(0x00390000,0x003e0000)]
  0x0426a000 JavaThread "Thread-7" [_thread_blocked, id=5160, stack(0x08580000,0x085d0000)]
  0x04266000 JavaThread "Thread-6" [_thread_in_native, id=4172, stack(0x08530000,0x08580000)]
  0x04264800 JavaThread "Thread-5" [_thread_in_native, id=4324, stack(0x084e0000,0x08530000)]
  0x04269c00 JavaThread "Thread-4" [_thread_in_native, id=4132, stack(0x08490000,0x084e0000)]
  0x0425ac00 JavaThread "Java Sound Event Dispatcher" daemon [_thread_blocked, id=2568, stack(0x07be0000,0x07c30000)]
  0x04248400 JavaThread "D3D Screen Updater" daemon [_thread_blocked, id=6140, stack(0x07220000,0x07270000)]
  0x04246c00 JavaThread "org.netbeans.modules.debugger.jpda.visual AWT Access Loop" daemon [_thread_blocked, id=4148, stack(0x07170000,0x071c0000)]
  0x04201800 JavaThread "AWT-EventQueue-0" [_thread_blocked, id=4548, stack(0x04700000,0x04750000)]
  0x04164000 JavaThread "AWT-Windows" daemon [_thread_in_native, id=2372, stack(0x045a0000,0x045f0000)]
  0x04162c00 JavaThread "AWT-Shutdown" [_thread_blocked, id=3420, stack(0x04550000,0x045a0000)]
  0x0415dc00 JavaThread "Java2D Disposer" daemon [_thread_blocked, id=4440, stack(0x04500000,0x04550000)]
  0x01c54000 JavaThread "Low Memory Detector" daemon [_thread_blocked, id=5140, stack(0x03ff0000,0x04040000)]
  0x01c51800 JavaThread "C1 CompilerThread0" daemon [_thread_blocked, id=5500, stack(0x03fa0000,0x03ff0000)]
  0x01c3d800 JavaThread "JDWP Command Reader" daemon [_thread_in_native, id=4968, stack(0x03f50000,0x03fa0000)]
  0x01c3c400 JavaThread "JDWP Event Helper Thread" daemon [_thread_blocked, id=5352, stack(0x03f00000,0x03f50000)]
  0x01c3a800 JavaThread "JDWP Transport Listener: dt_shmem" daemon [_thread_blocked, id=3856, stack(0x03eb0000,0x03f00000)]
  0x01c2dc00 JavaThread "Attach Listener" daemon [_thread_blocked, id=2612, stack(0x03e60000,0x03eb0000)]
  0x01c2a800 JavaThread "Signal Dispatcher" daemon [_thread_blocked, id=4976, stack(0x03e10000,0x03e60000)]
  0x01bfdc00 JavaThread "Finalizer" daemon [_thread_blocked, id=3092, stack(0x03dc0000,0x03e10000)]
  0x01bfc400 JavaThread "Reference Handler" daemon [_thread_blocked, id=5084, stack(0x03d70000,0x03dc0000)]

Other Threads:
  0x01bf7c00 VMThread [stack: 0x03d20000,0x03d70000] [id=5780]
  0x01c5f800 WatcherThread [stack: 0x04040000,0x04090000] [id=5120]

VM state:not at safepoint (normal execution)

VM Mutex/Monitor currently owned by a thread: None

Heap
 def new generation   total 4928K, used 4872K [0x10050000, 0x105a0000, 0x155a0000)
  eden space 4416K,  98% used [0x10050000, 0x10492160, 0x104a0000)
  from space 512K, 100% used [0x10520000, 0x105a0000, 0x105a0000)
  to   space 512K,   0% used [0x104a0000, 0x104a0000, 0x10520000)
 tenured generation   total 10944K, used 320K [0x155a0000, 0x16050000, 0x20050000)
   the space 10944K,   2% used [0x155a0000, 0x155f0178, 0x155f0200, 0x16050000)
 compacting perm gen  total 12288K, used 11539K [0x20050000, 0x20c50000, 0x24050000)
   the space 12288K,  93% used [0x20050000, 0x20b94d30, 0x20b94e00, 0x20c50000)
No shared spaces configured.

Code Cache  [0x01c70000, 0x01d58000, 0x03c70000)
 total_blobs=504 nmethods=271 adapters=177 free_code_cache=32635008 largest_free_block=0

Dynamic libraries:
0x00400000 - 0x00425000 	C:\Program Files\Java\jdk1.6.0_30\bin\java.exe
0x76e10000 - 0x76f4c000 	C:\Windows\SYSTEM32\ntdll.dll
0x75ee0000 - 0x75fb4000 	C:\Windows\system32\kernel32.dll
0x74fe0000 - 0x7502a000 	C:\Windows\system32\KERNELBASE.dll
0x76080000 - 0x76120000 	C:\Windows\system32\ADVAPI32.dll
0x76960000 - 0x76a0c000 	C:\Windows\system32\msvcrt.dll
0x75260000 - 0x75279000 	C:\Windows\SYSTEM32\sechost.dll
0x75fd0000 - 0x76071000 	C:\Windows\system32\RPCRT4.dll
0x10000000 - 0x10048000 	C:\Windows\system32\guard32.dll
0x76650000 - 0x76719000 	C:\Windows\system32\USER32.dll
0x76830000 - 0x7687e000 	C:\Windows\system32\GDI32.dll
0x76750000 - 0x7675a000 	C:\Windows\system32\LPK.dll
0x76a10000 - 0x76aad000 	C:\Windows\system32\USP10.dll
0x74f50000 - 0x74f59000 	C:\Windows\system32\VERSION.dll
0x77020000 - 0x7703f000 	C:\Windows\system32\IMM32.DLL
0x76760000 - 0x7682c000 	C:\Windows\system32\MSCTF.dll
0x74f40000 - 0x74f47000 	C:\Windows\system32\fltlib.dll
0x7c340000 - 0x7c396000 	C:\Program Files\Java\jdk1.6.0_30\jre\bin\msvcr71.dll
0x6d8c0000 - 0x6db6f000 	C:\Program Files\Java\jdk1.6.0_30\jre\bin\client\jvm.dll
0x740d0000 - 0x74102000 	C:\Windows\system32\WINMM.dll
0x74e70000 - 0x74ebb000 	C:\Windows\system32\apphelp.dll
0x6d870000 - 0x6d87c000 	C:\Program Files\Java\jdk1.6.0_30\jre\bin\verify.dll
0x6d3d0000 - 0x6d3ef000 	C:\Program Files\Java\jdk1.6.0_30\jre\bin\java.dll
0x6d420000 - 0x6d449000 	C:\Program Files\Java\jdk1.6.0_30\jre\bin\jdwp.dll
0x6d740000 - 0x6d746000 	C:\Program Files\Java\jdk1.6.0_30\jre\bin\npt.dll
0x6d8b0000 - 0x6d8bf000 	C:\Program Files\Java\jdk1.6.0_30\jre\bin\zip.dll
0x6d2a0000 - 0x6d2a8000 	C:\Program Files\Java\jdk1.6.0_30\jre\bin\dt_shmem.dll
0x6d0b0000 - 0x6d1fc000 	C:\Program Files\Java\jdk1.6.0_30\jre\bin\awt.dll
0x73fd0000 - 0x74021000 	C:\Windows\system32\WINSPOOL.DRV
0x76b10000 - 0x76c6c000 	C:\Windows\system32\ole32.dll
0x73b40000 - 0x73cde000 	C:\Windows\WinSxS\x86_microsoft.windows.common-controls_6595b64144ccf1df_6.0.7600.16385_none_421189da2b7fabfc\COMCTL32.dll
0x76900000 - 0x76957000 	C:\Windows\system32\SHLWAPI.dll
0x73610000 - 0x73623000 	C:\Windows\system32\DWMAPI.DLL
0x73940000 - 0x73980000 	C:\Windows\system32\uxtheme.dll
0x6d2e0000 - 0x6d32f000 	C:\Program Files\Java\jdk1.6.0_30\jre\bin\fontmanager.dll
0x74ec0000 - 0x74ecc000 	C:\Windows\system32\CRYPTBASE.dll
0x601c0000 - 0x60383000 	C:\Windows\system32\d3d9.dll
0x73030000 - 0x73036000 	C:\Windows\system32\d3d8thk.dll
0x59ad0000 - 0x5a46d000 	C:\Windows\system32\nvd3dum.dll
0x73050000 - 0x73075000 	C:\Windows\system32\powrprof.dll
0x76c70000 - 0x76e0d000 	C:\Windows\system32\SETUPAPI.dll
0x750e0000 - 0x75107000 	C:\Windows\system32\CFGMGR32.dll
0x76120000 - 0x761af000 	C:\Windows\system32\OLEAUT32.dll
0x750c0000 - 0x750d2000 	C:\Windows\system32\DEVOBJ.dll
0x75290000 - 0x75ed9000 	C:\Windows\system32\shell32.dll
0x6d6b0000 - 0x6d6c3000 	C:\Program Files\Java\jdk1.6.0_30\jre\bin\net.dll
0x76fe0000 - 0x77015000 	C:\Windows\system32\WS2_32.dll
0x75280000 - 0x75286000 	C:\Windows\system32\NSI.dll
0x749a0000 - 0x749dc000 	C:\Windows\system32\mswsock.dll
0x74990000 - 0x74996000 	C:\Windows\System32\wship6.dll
0x6d6d0000 - 0x6d6d9000 	C:\Program Files\Java\jdk1.6.0_30\jre\bin\nio.dll
0x6d250000 - 0x6d273000 	C:\Program Files\Java\jdk1.6.0_30\jre\bin\dcpr.dll
0x6d5c0000 - 0x6d5e5000 	C:\Program Files\Java\jdk1.6.0_30\jre\bin\jsound.dll
0x6d5f0000 - 0x6d5f8000 	C:\Program Files\Java\jdk1.6.0_30\jre\bin\jsoundds.dll
0x71f40000 - 0x71fb2000 	C:\Windows\system32\DSOUND.dll
0x73630000 - 0x73669000 	C:\Windows\system32\MMDevAPI.DLL
0x73a00000 - 0x73af5000 	C:\Windows\system32\PROPSYS.dll
0x72f20000 - 0x72f50000 	C:\Windows\system32\wdmaud.drv
0x72f10000 - 0x72f14000 	C:\Windows\system32\ksuser.dll
0x73040000 - 0x73047000 	C:\Windows\system32\AVRT.dll
0x72e70000 - 0x72ea6000 	C:\Windows\system32\AUDIOSES.DLL
0x72e20000 - 0x72e28000 	C:\Windows\system32\msacm32.drv
0x72e00000 - 0x72e14000 	C:\Windows\system32\MSACM32.dll
0x72df0000 - 0x72df7000 	C:\Windows\system32\midimap.dll
0x76f50000 - 0x76fd3000 	C:\Windows\system32\CLBCatQ.DLL
0x744c0000 - 0x744c5000 	C:\Windows\System32\wshtcpip.dll
0x72f00000 - 0x72f10000 	C:\Windows\system32\NLAapi.dll
0x74860000 - 0x748a4000 	C:\Windows\system32\DNSAPI.dll
0x6f980000 - 0x6f988000 	C:\Windows\System32\winrnr.dll
0x6f970000 - 0x6f980000 	C:\Windows\system32\napinsp.dll
0x6f950000 - 0x6f962000 	C:\Windows\system32\pnrpnsp.dll
0x72a50000 - 0x72a6c000 	C:\Windows\system32\IPHLPAPI.DLL
0x72a00000 - 0x72a07000 	C:\Windows\system32\WINNSI.DLL
0x70120000 - 0x70126000 	C:\Windows\system32\rasadhlp.dll
0x71490000 - 0x714c8000 	C:\Windows\System32\fwpuclnt.dll
0x06540000 - 0x06568000 	C:\Windows\System32\Jpcap.dll
0x06570000 - 0x065bc000 	C:\Windows\system32\wpcap.dll
0x065d0000 - 0x065e8000 	C:\Windows\system32\packet.dll
0x71480000 - 0x7148d000 	C:\Windows\system32\dhcpcsvc6.DLL
0x71460000 - 0x71472000 	C:\Windows\system32\dhcpcsvc.DLL
0x75fc0000 - 0x75fc5000 	C:\Windows\system32\PSAPI.DLL

VM Arguments:
jvm_args: -Xdebug -Xrunjdwp:transport=dt_shmem,address=javadebug -Dfile.encoding=UTF-8 
java_command: com.gateway.RadioGateway
Launcher Type: SUN_STANDARD

Environment Variables:
JAVA_HOME=C:\Program Files\Java\jdk1.6.0_25
PATH=C:\Program Files\NVIDIA Corporation\PhysX\Common;C:\Windows\system32;C:\Windows;C:\Windows\System32\Wbem;C:\Windows\System32\WindowsPowerShell\v1.0\;C:\Program Files\Mercurial\
USERNAME=Alexandr
OS=Windows_NT
PROCESSOR_IDENTIFIER=x86 Family 6 Model 23 Stepping 6, GenuineIntel



---------------  S Y S T E M  ---------------

OS: Windows 7 Build 7600 

CPU:total 2 (2 cores per cpu, 1 threads per core) family 6 model 23 stepping 6, cmov, cx8, fxsr, mmx, sse, sse2, sse3, ssse3

Memory: 4k page, physical 2096376k(408220k free), swap 4192752k(1750004k free)

vm_info: Java HotSpot(TM) Client VM (20.5-b03) for windows-x86 JRE (1.6.0_30-b12), built on Nov 10 2011 01:51:00 by "java_re" with MS VC++ 7.1 (VS2003)

time: Tue Mar 13 17:32:37 2012
elapsed time: 48 seconds

